[zltris] ai log start
plan kind=6 max_h=0 holes=0 garbage_rows=0 cover=0 access=0 pending=0 emergency=0 clear_phase=0 lookahead=14
 exact plan x=7 rot=0 y=20 steps=5 lines=0 score=-334491 spin=0 states=856 landings=42 dig_fallback=0
 lock kind=6 x=7 rot=0 lines=0 spin=0 all_clear=0 attack_before=0
plan kind=5 max_h=2 holes=1 garbage_rows=0 cover=0 access=0 pending=0 emergency=0 clear_phase=0 lookahead=14
 exact plan x=7 rot=1 y=18 steps=6 lines=0 score=-314906 spin=0 states=831 landings=42 dig_fallback=0
 lock kind=5 x=7 rot=1 lines=0 spin=0 all_clear=0 attack_before=0
plan kind=1 max_h=4 holes=1 garbage_rows=0 cover=0 access=0 pending=0 emergency=0 clear_phase=0 lookahead=14
 exact plan x=4 rot=0 y=20 steps=2 lines=0 score=-295941 spin=0 states=179 landings=9 dig_fallback=0
 lock kind=1 x=4 rot=0 lines=0 spin=0 all_clear=0 attack_before=0
plan kind=2 max_h=4 holes=1 garbage_rows=0 cover=0 access=0 pending=0 emergency=0 clear_phase=0 lookahead=14
 exact plan x=-1 rot=1 y=19 steps=6 lines=0 score=-177486 spin=0 states=791 landings=42 dig_fallback=0
 lock kind=2 x=-1 rot=1 lines=0 spin=0 all_clear=0 attack_before=0
plan kind=3 max_h=4 holes=2 garbage_rows=0 cover=0 access=0 pending=0 emergency=0 clear_phase=0 lookahead=14
 exact plan x=2 rot=2 y=19 steps=4 lines=1 score=-117320 spin=0 states=769 landings=43 dig_fallback=0
 lock kind=3 x=2 rot=2 lines=1 spin=0 all_clear=0 attack_before=0
plan kind=0 max_h=3 holes=0 garbage_rows=0 cover=0 access=0 pending=0 emergency=0 clear_phase=0 lookahead=14
 exact plan x=5 rot=1 y=18 steps=4 lines=0 score=-119093 spin=0 states=758 landings=41 dig_fallback=0
 lock kind=0 x=5 rot=1 lines=0 spin=0 all_clear=0 attack_before=0
plan kind=4 max_h=4 holes=0 garbage_rows=0 cover=0 access=0 pending=0 emergency=0 clear_phase=0 lookahead=14
 exact plan x=1 rot=0 y=20 steps=3 lines=1 score=-114651 spin=0 states=781 landings=42 dig_fallback=0
 lock kind=4 x=1 rot=0 lines=1 spin=0 all_clear=0 attack_before=0
plan kind=4 max_h=3 holes=0 garbage_rows=0 cover=0 access=0 pending=0 emergency=0 clear_phase=0 lookahead=14
 exact plan x=4 rot=0 y=20 steps=2 lines=0 score=-120809 spin=0 states=803 landings=42 dig_fallback=0
 lock kind=4 x=4 rot=0 lines=0 spin=0 all_clear=0 attack_before=0
plan kind=6 max_h=3 holes=0 garbage_rows=0 cover=0 access=0 pending=0 emergency=0 clear_phase=0 lookahead=14
 exact plan x=4 rot=1 y=18 steps=3 lines=0 score=-115372 spin=0 states=795 landings=42 dig_fallback=0
 lock kind=6 x=4 rot=1 lines=0 spin=0 all_clear=0 attack_before=0
plan kind=0 max_h=4 holes=0 garbage_rows=0 cover=0 access=0 pending=0 emergency=0 clear_phase=0 lookahead=14
 exact plan x=7 rot=1 y=17 steps=6 lines=0 score=-98405 spin=0 states=719 landings=41 dig_fallback=0
 lock kind=0 x=7 rot=1 lines=0 spin=0 all_clear=0 attack_before=0
plan kind=1 max_h=5 holes=0 garbage_rows=0 cover=0 access=0 pending=0 emergency=0 clear_phase=0 lookahead=14
 exact plan x=0 rot=0 y=20 steps=4 lines=1 score=-87893 spin=0 states=167 landings=9 dig_fallback=0
 lock kind=1 x=0 rot=0 lines=1 spin=0 all_clear=0 attack_before=0
plan kind=5 max_h=4 holes=0 garbage_rows=0 cover=0 access=0 pending=0 emergency=0 clear_phase=0 lookahead=14
 exact plan x=6 rot=1 y=18 steps=5 lines=0 score=-84686 spin=0 states=783 landings=42 dig_fallback=0
 lock kind=5 x=6 rot=1 lines=0 spin=0 all_clear=0 attack_before=0
plan kind=2 max_h=4 holes=0 garbage_rows=0 cover=0 access=0 pending=0 emergency=0 clear_phase=0 lookahead=14
 exact plan x=-1 rot=1 y=19 steps=6 lines=0 score=-81684 spin=1 states=768 landings=42 dig_fallback=0
 lock kind=2 x=-1 rot=1 lines=0 spin=1 all_clear=0 attack_before=0
plan kind=3 max_h=4 holes=0 garbage_rows=0 cover=0 access=0 pending=0 emergency=0 clear_phase=0 lookahead=14
 exact plan x=2 rot=2 y=19 steps=4 lines=1 score=-77992 spin=0 states=750 landings=42 dig_fallback=0
 lock kind=3 x=2 rot=2 lines=1 spin=0 all_clear=0 attack_before=0
plan kind=3 max_h=3 holes=0 garbage_rows=0 cover=0 access=0 pending=0 emergency=0 clear_phase=0 lookahead=14
 exact plan x=1 rot=2 y=19 steps=5 lines=1 score=-82335 spin=0 states=781 landings=42 dig_fallback=0
 lock kind=3 x=1 rot=2 lines=1 spin=0 all_clear=0 attack_before=0
plan kind=1 max_h=2 holes=0 garbage_rows=0 cover=0 access=0 pending=0 emergency=0 clear_phase=0 lookahead=14
 exact plan x=3 rot=0 y=20 steps=1 lines=1 score=-88678 spin=0 states=178 landings=9 dig_fallback=0
 lock kind=1 x=3 rot=0 lines=1 spin=0 all_clear=0 attack_before=0
plan kind=5 max_h=1 holes=0 garbage_rows=0 cover=0 access=0 pending=0 emergency=0 clear_phase=0 lookahead=14
 exact plan x=2 rot=0 y=20 steps=2 lines=0 score=-98371 spin=0 states=833 landings=42 dig_fallback=0
 lock kind=5 x=2 rot=0 lines=0 spin=0 all_clear=0 attack_before=1
plan kind=2 max_h=2 holes=0 garbage_rows=0 cover=0 access=0 pending=0 emergency=0 clear_phase=0 lookahead=14
 exact plan x=5 rot=2 y=19 steps=5 lines=0 score=-107684 spin=0 states=810 landings=42 dig_fallback=0
 lock kind=2 x=5 rot=2 lines=0 spin=0 all_clear=0 attack_before=1
plan kind=6 max_h=2 holes=0 garbage_rows=0 cover=0 access=0 pending=0 emergency=0 clear_phase=0 lookahead=14
 exact plan x=2 rot=3 y=18 steps=3 lines=0 score=-105827 spin=0 states=792 landings=42 dig_fallback=0
 lock kind=6 x=2 rot=3 lines=0 spin=0 all_clear=0 attack_before=1
plan kind=0 max_h=4 holes=0 garbage_rows=0 cover=0 access=0 pending=0 emergency=0 clear_phase=0 lookahead=14
 exact plan x=4 rot=0 y=18 steps=2 lines=0 score=-102930 spin=0 states=716 landings=41 dig_fallback=0
 lock kind=0 x=4 rot=0 lines=0 spin=0 all_clear=0 attack_before=1
plan kind=4 max_h=4 holes=0 garbage_rows=0 cover=0 access=0 pending=0 emergency=0 clear_phase=0 lookahead=14
 exact plan x=-1 rot=1 y=19 steps=6 lines=0 score=-105408 spin=0 states=733 landings=42 dig_fallback=0
 lock kind=4 x=-1 rot=1 lines=0 spin=0 all_clear=0 attack_before=1
plan kind=4 max_h=4 holes=0 garbage_rows=0 cover=0 access=0 pending=0 emergency=0 clear_phase=0 lookahead=14
 exact plan x=0 rot=3 y=18 steps=5 lines=0 score=-106101 spin=0 states=728 landings=42 dig_fallback=0
 lock kind=4 x=0 rot=3 lines=0 spin=0 all_clear=0 attack_before=1
plan kind=3 max_h=4 holes=0 garbage_rows=0 cover=0 access=0 pending=0 emergency=0 clear_phase=0 lookahead=14
 exact plan x=0 rot=2 y=16 steps=6 lines=0 score=-107914 spin=0 states=721 landings=42 dig_fallback=0
 lock kind=3 x=0 rot=2 lines=0 spin=0 all_clear=0 attack_before=1
plan kind=2 max_h=5 holes=0 garbage_rows=0 cover=0 access=0 pending=0 emergency=0 clear_phase=0 lookahead=14
 exact plan x=7 rot=1 y=19 steps=6 lines=2 score=-97372 spin=1 states=706 landings=42 dig_fallback=0
 lock kind=2 x=7 rot=1 lines=2 spin=1 all_clear=0 attack_before=1
plan kind=0 max_h=3 holes=0 garbage_rows=0 cover=0 access=0 pending=0 emergency=0 clear_phase=0 lookahead=14
 exact plan x=7 rot=1 y=18 steps=6 lines=1 score=-92570 spin=0 states=740 landings=41 dig_fallback=0
 lock kind=0 x=7 rot=1 lines=1 spin=0 all_clear=0 attack_before=5
plan kind=6 max_h=3 holes=0 garbage_rows=0 cover=0 access=0 pending=0 emergency=0 clear_phase=0 lookahead=14
 exact plan x=3 rot=0 y=20 steps=1 lines=0 score=-94373 spin=0 states=814 landings=42 dig_fallback=0
 lock kind=6 x=3 rot=0 lines=0 spin=0 all_clear=0 attack_before=5
plan kind=5 max_h=3 holes=0 garbage_rows=0 cover=0 access=0 pending=0 emergency=0 clear_phase=0 lookahead=14
 exact plan x=4 rot=1 y=19 steps=3 lines=0 score=-101986 spin=0 states=793 landings=42 dig_fallback=0
 lock kind=5 x=4 rot=1 lines=0 spin=0 all_clear=0 attack_before=5
plan kind=1 max_h=3 holes=0 garbage_rows=0 cover=0 access=0 pending=0 emergency=0 clear_phase=0 lookahead=14
 exact plan x=6 rot=0 y=20 steps=4 lines=2 score=-108404 spin=0 states=170 landings=9 dig_fallback=0
 lock kind=1 x=6 rot=0 lines=2 spin=0 all_clear=0 attack_before=5
plan kind=0 max_h=1 holes=0 garbage_rows=0 cover=0 access=0 pending=0 emergency=0 clear_phase=0 lookahead=14
 exact plan x=0 rot=0 y=20 steps=4 lines=0 score=-91792 spin=0 states=795 landings=41 dig_fallback=0
 lock kind=0 x=0 rot=0 lines=0 spin=0 all_clear=0 attack_before=6
plan kind=5 max_h=1 holes=0 garbage_rows=0 cover=0 access=0 pending=0 emergency=0 clear_phase=0 lookahead=14
 exact plan x=7 rot=0 y=20 steps=5 lines=0 score=-98490 spin=0 states=828 landings=42 dig_fallback=0
 lock kind=5 x=7 rot=0 lines=0 spin=0 all_clear=0 attack_before=6
plan kind=2 max_h=2 holes=0 garbage_rows=0 cover=0 access=0 pending=0 emergency=0 clear_phase=0 lookahead=14
 exact plan x=5 rot=2 y=19 steps=5 lines=0 score=-100558 spin=0 states=812 landings=42 dig_fallback=0
 lock kind=2 x=5 rot=2 lines=0 spin=0 all_clear=0 attack_before=6
plan kind=3 max_h=2 holes=0 garbage_rows=0 cover=0 access=0 pending=0 emergency=0 clear_phase=0 lookahead=14
 exact plan x=2 rot=2 y=19 steps=4 lines=1 score=-101891 spin=0 states=792 landings=42 dig_fallback=0
 lock kind=3 x=2 rot=2 lines=1 spin=0 all_clear=0 attack_before=6
plan kind=6 max_h=1 holes=0 garbage_rows=0 cover=0 access=0 pending=0 emergency=0 clear_phase=0 lookahead=14
 exact plan x=1 rot=3 y=19 steps=4 lines=0 score=-110824 spin=0 states=818 landings=42 dig_fallback=0
 lock kind=6 x=1 rot=3 lines=0 spin=0 all_clear=0 attack_before=6
plan kind=1 max_h=3 holes=0 garbage_rows=0 cover=0 access=0 pending=0 emergency=0 clear_phase=0 lookahead=14
 exact plan x=7 rot=0 y=19 steps=5 lines=0 score=-100302 spin=0 states=175 landings=9 dig_fallback=0
 lock kind=1 x=7 rot=0 lines=0 spin=0 all_clear=0 attack_before=6
garbage->bot amount=4 pending_before=4
plan kind=4 max_h=7 holes=4 garbage_rows=4 cover=15 access=21 pending=0 emergency=1 clear_phase=1 lookahead=2
 exact plan x=3 rot=0 y=15 steps=1 lines=0 score=-1359170 spin=0 states=604 landings=42 dig_fallback=1
 lock kind=4 x=3 rot=0 lines=0 spin=0 all_clear=0 attack_before=6
plan kind=0 max_h=7 holes=4 garbage_rows=4 cover=15 access=21 pending=0 emergency=1 clear_phase=1 lookahead=2
 exact plan x=-1 rot=3 y=14 steps=6 lines=1 score=309260 spin=0 states=547 landings=41 dig_fallback=1
 lock kind=0 x=-1 rot=3 lines=1 spin=0 all_clear=0 attack_before=6
plan kind=6 max_h=7 holes=4 garbage_rows=4 cover=11 access=12 pending=0 emergency=1 clear_phase=1 lookahead=2
 exact plan x=2 rot=0 y=15 steps=2 lines=0 score=-1357251 spin=0 states=620 landings=42 dig_fallback=1
 lock kind=6 x=2 rot=0 lines=0 spin=0 all_clear=0 attack_before=6
plan kind=1 max_h=7 holes=4 garbage_rows=4 cover=11 access=12 pending=0 emergency=1 clear_phase=1 lookahead=2
 exact plan x=5 rot=0 y=16 steps=3 lines=1 score=-153052 spin=0 states=133 landings=9 dig_fallback=1
 lock kind=1 x=5 rot=0 lines=1 spin=0 all_clear=0 attack_before=6
plan kind=3 max_h=6 holes=4 garbage_rows=4 cover=9 access=11 pending=0 emergency=0 clear_phase=1 lookahead=4
 exact plan x=4 rot=0 y=15 steps=2 lines=0 score=-1540327 spin=0 states=630 landings=42 dig_fallback=1
 lock kind=3 x=4 rot=0 lines=0 spin=0 all_clear=0 attack_before=6
plan kind=4 max_h=7 holes=4 garbage_rows=4 cover=9 access=11 pending=0 emergency=0 clear_phase=1 lookahead=4
 exact plan x=0 rot=3 y=15 steps=5 lines=1 score=227664 spin=0 states=605 landings=42 dig_fallback=1
 lock kind=4 x=0 rot=3 lines=1 spin=0 all_clear=0 attack_before=6
plan kind=5 max_h=6 holes=3 garbage_rows=4 cover=5 access=2 pending=0 emergency=0 clear_phase=1 lookahead=4
 exact plan x=2 rot=0 y=15 steps=2 lines=0 score=-1310135 spin=0 states=641 landings=42 dig_fallback=1
 lock kind=5 x=2 rot=0 lines=0 spin=0 all_clear=0 attack_before=6
plan kind=2 max_h=7 holes=3 garbage_rows=4 cover=5 access=2 pending=0 emergency=0 clear_phase=1 lookahead=4
 exact plan x=0 rot=0 y=14 steps=4 lines=0 score=-1293813 spin=0 states=619 landings=42 dig_fallback=1
 lock kind=2 x=0 rot=0 lines=0 spin=0 all_clear=0 attack_before=6
plan kind=2 max_h=8 holes=3 garbage_rows=4 cover=5 access=2 pending=0 emergency=0 clear_phase=1 lookahead=4
 exact plan x=7 rot=2 y=16 steps=7 lines=2 score=489088 spin=0 states=603 landings=42 dig_fallback=1
 lock kind=2 x=7 rot=2 lines=2 spin=0 all_clear=0 attack_before=6
plan kind=5 max_h=6 holes=2 garbage_rows=3 cover=3 access=2 pending=0 emergency=0 clear_phase=1 lookahead=4
 exact plan x=5 rot=1 y=17 steps=4 lines=1 score=226460 spin=0 states=676 landings=42 dig_fallback=1
 lock kind=5 x=5 rot=1 lines=1 spin=0 all_clear=0 attack_before=7
plan kind=0 max_h=5 holes=1 garbage_rows=2 cover=1 access=3 pending=0 emergency=0 clear_phase=1 lookahead=4
 exact plan x=6 rot=1 y=17 steps=5 lines=1 score=-223510 spin=0 states=658 landings=41 dig_fallback=0
 lock kind=0 x=6 rot=1 lines=1 spin=0 all_clear=0 attack_before=7
plan kind=4 max_h=4 holes=0 garbage_rows=1 cover=0 access=10 pending=0 emergency=0 clear_phase=1 lookahead=4
 exact plan x=4 rot=3 y=18 steps=3 lines=0 score=-1217355 spin=0 states=720 landings=42 dig_fallback=0
 lock kind=4 x=4 rot=3 lines=0 spin=0 all_clear=0 attack_before=8
plan kind=3 max_h=4 holes=0 garbage_rows=1 cover=0 access=10 pending=0 emergency=0 clear_phase=1 lookahead=4
 exact plan x=4 rot=2 y=16 steps=4 lines=0 score=-1318010 spin=0 states=701 landings=42 dig_fallback=0
 lock kind=3 x=4 rot=2 lines=0 spin=0 all_clear=0 attack_before=8
plan kind=1 max_h=5 holes=0 garbage_rows=1 cover=0 access=10 pending=0 emergency=0 clear_phase=1 lookahead=4
 exact plan x=1 rot=0 y=17 steps=3 lines=0 score=-1224865 spin=0 states=150 landings=9 dig_fallback=0
 lock kind=1 x=1 rot=0 lines=0 spin=0 all_clear=0 attack_before=8
plan kind=6 max_h=5 holes=0 garbage_rows=1 cover=0 access=10 pending=0 emergency=0 clear_phase=1 lookahead=4
 exact plan x=0 rot=3 y=16 steps=5 lines=0 score=-1340130 spin=0 states=664 landings=42 dig_fallback=0
 lock kind=6 x=0 rot=3 lines=0 spin=0 all_clear=0 attack_before=8
plan kind=4 max_h=6 holes=0 garbage_rows=1 cover=0 access=10 pending=0 emergency=0 clear_phase=1 lookahead=4
 exact plan x=7 rot=2 y=16 steps=7 lines=1 score=-972330 spin=0 states=650 landings=42 dig_fallback=0
 lock kind=4 x=7 rot=2 lines=1 spin=0 all_clear=0 attack_before=8
garbage->bot amount=1 pending_before=1
plan kind=6 max_h=6 holes=1 garbage_rows=2 cover=0 access=10 pending=0 emergency=0 clear_phase=1 lookahead=4
 exact plan x=1 rot=0 y=15 steps=3 lines=0 score=-1055130 spin=0 states=641 landings=42 dig_fallback=1
 lock kind=6 x=1 rot=0 lines=0 spin=0 all_clear=0 attack_before=8
plan kind=5 max_h=7 holes=1 garbage_rows=2 cover=0 access=10 pending=0 emergency=0 clear_phase=1 lookahead=4
 exact plan x=3 rot=3 y=14 steps=2 lines=0 score=-913725 spin=0 states=617 landings=42 dig_fallback=1
 lock kind=5 x=3 rot=3 lines=0 spin=0 all_clear=0 attack_before=8
plan kind=1 max_h=8 holes=1 garbage_rows=2 cover=0 access=10 pending=0 emergency=0 clear_phase=1 lookahead=4
 exact plan x=4 rot=0 y=15 steps=2 lines=0 score=-685240 spin=0 states=132 landings=9 dig_fallback=1
 lock kind=1 x=4 rot=0 lines=0 spin=0 all_clear=0 attack_before=8
plan kind=0 max_h=8 holes=1 garbage_rows=2 cover=0 access=10 pending=0 emergency=0 clear_phase=1 lookahead=4
 exact plan x=7 rot=1 y=18 steps=6 lines=3 score=1607545 spin=0 states=539 landings=41 dig_fallback=1
 lock kind=0 x=7 rot=1 lines=3 spin=0 all_clear=0 attack_before=8
plan kind=3 max_h=5 holes=1 garbage_rows=0 cover=0 access=0 pending=0 emergency=0 clear_phase=0 lookahead=14
 exact plan x=-1 rot=1 y=17 steps=6 lines=0 score=-158602 spin=0 states=697 landings=42 dig_fallback=0
 lock kind=3 x=-1 rot=1 lines=0 spin=0 all_clear=0 attack_before=10
garbage->bot amount=2 pending_before=2
plan kind=2 max_h=7 holes=3 garbage_rows=2 cover=2 access=16 pending=0 emergency=0 clear_phase=1 lookahead=4
 exact plan x=1 rot=2 y=13 steps=5 lines=0 score=-1268794 spin=0 states=606 landings=42 dig_fallback=1
 lock kind=2 x=1 rot=2 lines=0 spin=0 all_clear=0 attack_before=10
plan kind=1 max_h=8 holes=3 garbage_rows=2 cover=2 access=16 pending=0 emergency=0 clear_phase=1 lookahead=4
 exact plan x=7 rot=0 y=16 steps=5 lines=0 score=-2913315 spin=0 states=131 landings=9 dig_fallback=1
 lock kind=1 x=7 rot=0 lines=0 spin=0 all_clear=0 attack_before=10
plan kind=0 max_h=8 holes=4 garbage_rows=2 cover=6 access=32 pending=0 emergency=0 clear_phase=1 lookahead=4
 exact plan x=5 rot=1 y=14 steps=4 lines=2 score=858940 spin=0 states=534 landings=41 dig_fallback=1
 lock kind=0 x=5 rot=1 lines=2 spin=0 all_clear=0 attack_before=10
garbage->bot amount=1 pending_before=1
plan kind=6 max_h=7 holes=4 garbage_rows=3 cover=6 access=16 pending=0 emergency=0 clear_phase=1 lookahead=4
 exact plan x=0 rot=3 y=13 steps=5 lines=0 score=-1793655 spin=0 states=590 landings=42 dig_fallback=1
 lock kind=6 x=0 rot=3 lines=0 spin=0 all_clear=0 attack_before=11
plan kind=3 max_h=9 holes=4 garbage_rows=3 cover=6 access=16 pending=0 emergency=0 clear_phase=1 lookahead=4
 exact plan x=4 rot=0 y=15 steps=2 lines=0 score=-1615295 spin=0 states=569 landings=42 dig_fallback=1
 lock kind=3 x=4 rot=0 lines=0 spin=0 all_clear=0 attack_before=11
plan kind=2 max_h=9 holes=4 garbage_rows=3 cover=6 access=16 pending=0 emergency=0 clear_phase=1 lookahead=4
 exact plan x=2 rot=0 y=13 steps=2 lines=0 score=-1641754 spin=0 states=558 landings=42 dig_fallback=1
 lock kind=2 x=2 rot=0 lines=0 spin=0 all_clear=0 attack_before=11
plan kind=5 max_h=9 holes=4 garbage_rows=3 cover=6 access=16 pending=0 emergency=0 clear_phase=1 lookahead=4
 exact plan x=7 rot=1 y=15 steps=6 lines=2 score=-710881 spin=0 states=536 landings=42 dig_fallback=1
 lock kind=5 x=7 rot=1 lines=2 spin=0 all_clear=0 attack_before=11
plan kind=4 max_h=7 holes=4 garbage_rows=3 cover=6 access=16 pending=0 emergency=0 clear_phase=1 lookahead=4
 exact plan x=4 rot=3 y=15 steps=3 lines=0 score=-1670737 spin=0 states=612 landings=42 dig_fallback=1
 lock kind=4 x=4 rot=3 lines=0 spin=0 all_clear=0 attack_before=12
plan kind=6 max_h=7 holes=4 garbage_rows=3 cover=6 access=16 pending=0 emergency=0 clear_phase=1 lookahead=4
 exact plan x=5 rot=1 y=15 steps=4 lines=0 score=-1672009 spin=0 states=595 landings=42 dig_fallback=1
 lock kind=6 x=5 rot=1 lines=0 spin=0 all_clear=0 attack_before=12
plan kind=5 max_h=7 holes=4 garbage_rows=3 cover=6 access=16 pending=0 emergency=0 clear_phase=1 lookahead=4
 exact plan x=7 rot=1 y=15 steps=6 lines=2 score=-843238 spin=0 states=574 landings=42 dig_fallback=1
 lock kind=5 x=7 rot=1 lines=2 spin=0 all_clear=0 attack_before=12
plan kind=0 max_h=5 holes=4 garbage_rows=3 cover=6 access=16 pending=0 emergency=0 clear_phase=1 lookahead=4
 exact plan x=4 rot=1 y=14 steps=3 lines=0 score=-1998695 spin=0 states=617 landings=41 dig_fallback=1
 lock kind=0 x=4 rot=1 lines=0 spin=0 all_clear=0 attack_before=13
plan kind=4 max_h=8 holes=4 garbage_rows=3 cover=6 access=16 pending=0 emergency=0 clear_phase=1 lookahead=4
 exact plan x=3 rot=0 y=15 steps=1 lines=0 score=-1712865 spin=0 states=615 landings=42 dig_fallback=1
 lock kind=4 x=3 rot=0 lines=0 spin=0 all_clear=0 attack_before=13
plan kind=1 max_h=8 holes=4 garbage_rows=3 cover=6 access=16 pending=0 emergency=0 clear_phase=1 lookahead=4
 exact plan x=2 rot=0 y=14 steps=2 lines=0 score=-1610798 spin=0 states=134 landings=9 dig_fallback=1
 lock kind=1 x=2 rot=0 lines=0 spin=0 all_clear=0 attack_before=13
plan kind=2 max_h=8 holes=4 garbage_rows=3 cover=6 access=16 pending=0 emergency=0 clear_phase=1 lookahead=4
 exact plan x=0 rot=0 y=15 steps=4 lines=0 score=-2143946 spin=0 states=572 landings=42 dig_fallback=1
 lock kind=2 x=0 rot=0 lines=0 spin=0 all_clear=0 attack_before=13
plan kind=3 max_h=8 holes=6 garbage_rows=3 cover=6 access=16 pending=0 emergency=0 clear_phase=1 lookahead=4
 exact plan x=7 rot=0 y=15 steps=5 lines=1 score=-783998 spin=0 states=557 landings=42 dig_fallback=1
 lock kind=3 x=7 rot=0 lines=1 spin=0 all_clear=0 attack_before=13
plan kind=0 max_h=7 holes=4 garbage_rows=3 cover=6 access=16 pending=0 emergency=0 clear_phase=1 lookahead=4
 exact plan x=1 rot=3 y=14 steps=4 lines=0 score=-1831990 spin=0 states=555 landings=41 dig_fallback=1
 lock kind=0 x=1 rot=3 lines=0 spin=0 all_clear=0 attack_before=13
plan kind=6 max_h=8 holes=4 garbage_rows=3 cover=6 access=16 pending=0 emergency=0 clear_phase=1 lookahead=4
 exact plan x=2 rot=0 y=13 steps=2 lines=0 score=-1833182 spin=0 states=575 landings=42 dig_fallback=1
 lock kind=6 x=2 rot=0 lines=0 spin=0 all_clear=0 attack_before=13
plan kind=2 max_h=9 holes=4 garbage_rows=3 cover=6 access=16 pending=0 emergency=0 clear_phase=1 lookahead=4
 exact plan x=4 rot=1 y=13 steps=3 lines=0 score=-1744599 spin=0 states=545 landings=42 dig_fallback=1
 lock kind=2 x=4 rot=1 lines=0 spin=0 all_clear=0 attack_before=13
plan kind=4 max_h=9 holes=4 garbage_rows=3 cover=6 access=16 pending=0 emergency=0 clear_phase=1 lookahead=4
 exact plan x=7 rot=2 y=13 steps=7 lines=0 score=-4002371 spin=0 states=521 landings=42 dig_fallback=1
 lock kind=4 x=7 rot=2 lines=0 spin=0 all_clear=0 attack_before=13
plan kind=5 max_h=9 holes=9 garbage_rows=3 cover=9 access=24 pending=0 emergency=0 clear_phase=1 lookahead=4
 exact plan x=0 rot=3 y=13 steps=5 lines=1 score=243840 spin=0 states=503 landings=42 dig_fallback=1
 lock kind=5 x=0 rot=3 lines=1 spin=0 all_clear=0 attack_before=13
plan kind=1 max_h=8 holes=7 garbage_rows=3 cover=6 access=16 pending=0 emergency=0 clear_phase=1 lookahead=4
 exact plan x=5 rot=0 y=13 steps=3 lines=0 score=-1942344 spin=0 states=122 landings=9 dig_fallback=1
 lock kind=1 x=5 rot=0 lines=0 spin=0 all_clear=0 attack_before=13
plan kind=3 max_h=9 holes=7 garbage_rows=3 cover=6 access=16 pending=0 emergency=0 clear_phase=1 lookahead=4
 exact plan x=2 rot=3 y=11 steps=3 lines=0 score=-2107596 spin=0 states=514 landings=42 dig_fallback=1
 lock kind=3 x=2 rot=3 lines=0 spin=0 all_clear=0 attack_before=13
plan kind=0 max_h=11 holes=7 garbage_rows=3 cover=6 access=16 pending=0 emergency=0 clear_phase=1 lookahead=4
 exact plan x=3 rot=3 y=11 steps=2 lines=0 score=-1957545 spin=0 states=447 landings=41 dig_fallback=1
 lock kind=0 x=3 rot=3 lines=0 spin=0 all_clear=0 attack_before=13
plan kind=1 max_h=11 holes=7 garbage_rows=3 cover=6 access=16 pending=0 emergency=0 clear_phase=1 lookahead=4
 exact plan x=5 rot=0 y=11 steps=3 lines=0 score=-1972924 spin=0 states=107 landings=9 dig_fallback=1
 lock kind=1 x=5 rot=0 lines=0 spin=0 all_clear=0 attack_before=13
plan kind=3 max_h=11 holes=7 garbage_rows=3 cover=6 access=16 pending=0 emergency=0 clear_phase=1 lookahead=4
 exact plan x=0 rot=1 y=12 steps=5 lines=0 score=-2004920 spin=0 states=431 landings=42 dig_fallback=1
 lock kind=3 x=0 rot=1 lines=0 spin=0 all_clear=0 attack_before=13
plan kind=6 max_h=11 holes=7 garbage_rows=3 cover=6 access=16 pending=0 emergency=0 clear_phase=1 lookahead=4
 exact plan x=2 rot=0 y=9 steps=2 lines=0 score=-2761947 spin=0 states=422 landings=42 dig_fallback=1
 lock kind=6 x=2 rot=0 lines=0 spin=0 all_clear=0 attack_before=13
plan kind=5 max_h=13 holes=9 garbage_rows=3 cover=6 access=16 pending=0 emergency=0 clear_phase=1 lookahead=4
 exact plan x=3 rot=3 y=7 steps=2 lines=0 score=-2317086 spin=0 states=382 landings=46 dig_fallback=1
 lock kind=5 x=3 rot=3 lines=0 spin=0 all_clear=0 attack_before=13
plan kind=2 max_h=15 holes=9 garbage_rows=3 cover=6 access=16 pending=0 emergency=0 clear_phase=1 lookahead=4
 exact plan x=0 rot=1 y=9 steps=15 lines=0 score=-1733216 spin=0 states=348 landings=45 dig_fallback=1
 lock kind=2 x=0 rot=1 lines=0 spin=0 all_clear=0 attack_before=13
plan kind=4 max_h=15 holes=8 garbage_rows=3 cover=6 access=16 pending=0 emergency=0 clear_phase=1 lookahead=4
 exact plan x=5 rot=1 y=8 steps=4 lines=0 score=-2042118 spin=0 states=335 landings=42 dig_fallback=1
 lock kind=4 x=5 rot=1 lines=0 spin=0 all_clear=0 attack_before=13
plan kind=5 max_h=15 holes=8 garbage_rows=3 cover=6 access=16 pending=0 emergency=0 clear_phase=1 lookahead=4
 exact plan x=3 rot=3 y=5 steps=2 lines=0 score=-2157807 spin=0 states=303 landings=42 dig_fallback=1
 lock kind=5 x=3 rot=3 lines=0 spin=0 all_clear=0 attack_before=13
plan kind=2 max_h=17 holes=8 garbage_rows=3 cover=6 access=16 pending=0 emergency=1 clear_phase=1 lookahead=2
 exact plan x=3 rot=3 y=3 steps=2 lines=0 score=-1945830 spin=0 states=267 landings=42 dig_fallback=1
 lock kind=2 x=3 rot=3 lines=0 spin=0 all_clear=0 attack_before=13
plan kind=1 max_h=19 holes=8 garbage_rows=3 cover=6 access=16 pending=0 emergency=1 clear_phase=1 lookahead=2
 exact plan x=0 rot=0 y=7 steps=4 lines=0 score=-1699133 spin=0 states=62 landings=9 dig_fallback=1
 lock kind=1 x=0 rot=0 lines=0 spin=0 all_clear=0 attack_before=13
plan kind=0 max_h=19 holes=8 garbage_rows=3 cover=6 access=16 pending=0 emergency=1 clear_phase=1 lookahead=2
 exact plan x=3 rot=1 y=10 steps=2 lines=0 score=-1678683 spin=0 states=246 landings=41 dig_fallback=1
 lock kind=0 x=3 rot=1 lines=0 spin=0 all_clear=0 attack_before=13
plan kind=3 max_h=19 holes=8 garbage_rows=3 cover=6 access=16 pending=0 emergency=1 clear_phase=1 lookahead=2
 exact plan x=4 rot=1 y=7 steps=3 lines=0 score=-1768673 spin=0 states=216 landings=42 dig_fallback=1
 lock kind=3 x=4 rot=1 lines=0 spin=0 all_clear=0 attack_before=13
plan kind=4 max_h=19 holes=8 garbage_rows=3 cover=6 access=16 pending=0 emergency=1 clear_phase=1 lookahead=2
 exact plan x=4 rot=1 y=4 steps=3 lines=0 score=-1708211 spin=0 states=205 landings=42 dig_fallback=1
 lock kind=4 x=4 rot=1 lines=0 spin=0 all_clear=0 attack_before=13
plan kind=6 max_h=19 holes=8 garbage_rows=3 cover=6 access=16 pending=0 emergency=1 clear_phase=1 lookahead=2
 exact plan x=3 rot=3 y=1 steps=2 lines=0 score=-1911181 spin=0 states=226 landings=42 dig_fallback=1
 lock kind=6 x=3 rot=3 lines=0 spin=0 all_clear=0 attack_before=13
